# JRE version: OpenJDK Runtime Environment (23.0.1+11) (build 23.0.1+11-39)
# Java VM: OpenJDK 64-Bit Server VM (23.0.1+11-39, mixed mode, sharing, tiered, compressed oops, compressed class ptrs, g1 gc, windows-amd64)
GC Precious Log:
 CardTable entry size: 512
 Card Set container configuration: InlinePtr #cards 5 size 8 Array Of Cards #cards 10 size 36 Howl #buckets 4 coarsen threshold 1843 Howl Bitmap #cards 512 size 80 coarsen threshold 460 Card regions per heap region 1 cards per card region 2048
 CPUs: 4 total, 4 available
 Memory: 4013M
 Large Page Support: Disabled
 NUMA Support: Disabled
 Compressed Oops: Enabled (32-bit)
 Heap Region Size: 1M
 Heap Min Capacity: 8M
 Heap Initial Capacity: 64M
 Heap Max Capacity: 2G
 Pre-touch: Disabled
 Parallel Workers: 4
 Concurrent Workers: 1
 Concurrent Refinement Workers: 4
 Periodic GC: Disabled
Heap:
 garbage-first heap   total reserved 2097152K, committed 288768K, used 190115K [0x0000000080000000, 0x0000000100000000)
  region size 1024K, 12 young (12288K), 11 survivors (11264K)
 Metaspace       used 134444K, committed 136960K, reserved 1179648K
  class space    used 18225K, committed 19392K, reserved 1048576K
GC Heap History (20 events):
Event: 153.529 GC heap before
{Heap before GC invocations=47 (full 0):
 garbage-first heap   total reserved 2097152K, committed 211968K, used 188089K [0x0000000080000000, 0x0000000100000000)
  region size 1024K, 49 young (50176K), 3 survivors (3072K)
 Metaspace       used 91438K, committed 93696K, reserved 1179648K
  class space    used 13029K, committed 14080K, reserved 1048576K
}
Event: 153.553 GC heap after
{Heap after GC invocations=48 (full 0):
 garbage-first heap   total reserved 2097152K, committed 211968K, used 143267K [0x0000000080000000, 0x0000000100000000)
  region size 1024K, 5 young (5120K), 5 survivors (5120K)
 Metaspace       used 91438K, committed 93696K, reserved 1179648K
  class space    used 13029K, committed 14080K, reserved 1048576K
}
Event: 158.679 GC heap before
{Heap before GC invocations=49 (full 0):
 garbage-first heap   total reserved 2097152K, committed 239616K, used 192419K [0x0000000080000000, 0x0000000100000000)
  region size 1024K, 52 young (53248K), 5 survivors (5120K)
 Metaspace       used 94599K, committed 96896K, reserved 1179648K
  class space    used 13441K, committed 14528K, reserved 1048576K
}
Event: 158.697 GC heap after
{Heap after GC invocations=50 (full 0):
 garbage-first heap   total reserved 2097152K, committed 239616K, used 147374K [0x0000000080000000, 0x0000000100000000)
  region size 1024K, 7 young (7168K), 7 survivors (7168K)
 Metaspace       used 94599K, committed 96896K, reserved 1179648K
  class space    used 13441K, committed 14528K, reserved 1048576K
}
Event: 164.639 GC heap before
{Heap before GC invocations=50 (full 0):
 garbage-first heap   total reserved 2097152K, committed 239616K, used 206766K [0x0000000080000000, 0x0000000100000000)
  region size 1024K, 65 young (66560K), 7 survivors (7168K)
 Metaspace       used 99269K, committed 101568K, reserved 1179648K
  class space    used 13952K, committed 15040K, reserved 1048576K
}
Event: 164.663 GC heap after
{Heap after GC invocations=51 (full 0):
 garbage-first heap   total reserved 2097152K, committed 239616K, used 148879K [0x0000000080000000, 0x0000000100000000)
  region size 1024K, 7 young (7168K), 7 survivors (7168K)
 Metaspace       used 99269K, committed 101568K, reserved 1179648K
  class space    used 13952K, committed 15040K, reserved 1048576K
}
Event: 170.258 GC heap before
{Heap before GC invocations=51 (full 0):
 garbage-first heap   total reserved 2097152K, committed 239616K, used 209295K [0x0000000080000000, 0x0000000100000000)
  region size 1024K, 66 young (67584K), 7 survivors (7168K)
 Metaspace       used 106965K, committed 109312K, reserved 1179648K
  class space    used 14765K, committed 15872K, reserved 1048576K
}
Event: 170.280 GC heap after
{Heap after GC invocations=52 (full 0):
 garbage-first heap   total reserved 2097152K, committed 239616K, used 152361K [0x0000000080000000, 0x0000000100000000)
  region size 1024K, 7 young (7168K), 7 survivors (7168K)
 Metaspace       used 106965K, committed 109312K, reserved 1179648K
  class space    used 14765K, committed 15872K, reserved 1048576K
}
Event: 180.670 GC heap before
{Heap before GC invocations=53 (full 0):
 garbage-first heap   total reserved 2097152K, committed 254976K, used 216873K [0x0000000080000000, 0x0000000100000000)
  region size 1024K, 67 young (68608K), 7 survivors (7168K)
 Metaspace       used 114758K, committed 117120K, reserved 1179648K
  class space    used 15631K, committed 16768K, reserved 1048576K
}
Event: 180.703 GC heap after
{Heap after GC invocations=54 (full 0):
 garbage-first heap   total reserved 2097152K, committed 254976K, used 160685K [0x0000000080000000, 0x0000000100000000)
  region size 1024K, 8 young (8192K), 8 survivors (8192K)
 Metaspace       used 114758K, committed 117120K, reserved 1179648K
  class space    used 15631K, committed 16768K, reserved 1048576K
}
Event: 195.956 GC heap before
{Heap before GC invocations=54 (full 0):
 garbage-first heap   total reserved 2097152K, committed 254976K, used 229293K [0x0000000080000000, 0x0000000100000000)
  region size 1024K, 72 young (73728K), 8 survivors (8192K)
 Metaspace       used 119873K, committed 122304K, reserved 1179648K
  class space    used 16219K, committed 17408K, reserved 1048576K
}
Event: 195.981 GC heap after
{Heap after GC invocations=55 (full 0):
 garbage-first heap   total reserved 2097152K, committed 254976K, used 165194K [0x0000000080000000, 0x0000000100000000)
  region size 1024K, 8 young (8192K), 8 survivors (8192K)
 Metaspace       used 119873K, committed 122304K, reserved 1179648K
  class space    used 16219K, committed 17408K, reserved 1048576K
}
Event: 206.473 GC heap before
{Heap before GC invocations=55 (full 0):
 garbage-first heap   total reserved 2097152K, committed 254976K, used 190794K [0x0000000080000000, 0x0000000100000000)
  region size 1024K, 34 young (34816K), 8 survivors (8192K)
 Metaspace       used 124184K, committed 126592K, reserved 1179648K
  class space    used 16830K, committed 17984K, reserved 1048576K
}
Event: 206.498 GC heap after
{Heap after GC invocations=56 (full 0):
 garbage-first heap   total reserved 2097152K, committed 254976K, used 167617K [0x0000000080000000, 0x0000000100000000)
  region size 1024K, 6 young (6144K), 6 survivors (6144K)
 Metaspace       used 124184K, committed 126592K, reserved 1179648K
  class space    used 16830K, committed 17984K, reserved 1048576K
}
Event: 215.777 GC heap before
{Heap before GC invocations=57 (full 0):
 garbage-first heap   total reserved 2097152K, committed 288768K, used 238273K [0x0000000080000000, 0x0000000100000000)
  region size 1024K, 70 young (71680K), 6 survivors (6144K)
 Metaspace       used 127829K, committed 130368K, reserved 1179648K
  class space    used 17333K, committed 18560K, reserved 1048576K
}
Event: 215.817 GC heap after
{Heap after GC invocations=58 (full 0):
 garbage-first heap   total reserved 2097152K, committed 288768K, used 174356K [0x0000000080000000, 0x0000000100000000)
  region size 1024K, 8 young (8192K), 8 survivors (8192K)
 Metaspace       used 127829K, committed 130368K, reserved 1179648K
  class space    used 17333K, committed 18560K, reserved 1048576K
}
Event: 237.449 GC heap before
{Heap before GC invocations=58 (full 0):
 garbage-first heap   total reserved 2097152K, committed 288768K, used 257300K [0x0000000080000000, 0x0000000100000000)
  region size 1024K, 86 young (88064K), 8 survivors (8192K)
 Metaspace       used 134060K, committed 136576K, reserved 1179648K
  class space    used 18190K, committed 19392K, reserved 1048576K
}
Event: 237.484 GC heap after
{Heap after GC invocations=59 (full 0):
 garbage-first heap   total reserved 2097152K, committed 288768K, used 180764K [0x0000000080000000, 0x0000000100000000)
  region size 1024K, 10 young (10240K), 10 survivors (10240K)
 Metaspace       used 134060K, committed 136576K, reserved 1179648K
  class space    used 18190K, committed 19392K, reserved 1048576K
}
Event: 248.776 GC heap before
{Heap before GC invocations=59 (full 0):
 garbage-first heap   total reserved 2097152K, committed 288768K, used 235036K [0x0000000080000000, 0x0000000100000000)
  region size 1024K, 64 young (65536K), 10 survivors (10240K)
 Metaspace       used 134444K, committed 136960K, reserved 1179648K
  class space    used 18225K, committed 19392K, reserved 1048576K
}
Event: 248.831 GC heap after
{Heap after GC invocations=60 (full 0):
 garbage-first heap   total reserved 2097152K, committed 288768K, used 190115K [0x0000000080000000, 0x0000000100000000)
  region size 1024K, 11 young (11264K), 11 survivors (11264K)
 Metaspace       used 134444K, committed 136960K, reserved 1179648K
  class space    used 18225K, committed 19392K, reserved 1048576K
}

