# JRE version: OpenJDK Runtime Environment (21.0.3) (build 21.0.3+-12282718-b509.11)
# Java VM: OpenJDK 64-Bit Server VM (21.0.3+-12282718-b509.11, mixed mode, tiered, compressed oops, compressed class ptrs, g1 gc, windows-amd64)
GC Precious Log:
 CardTable entry size: 512
 Card Set container configuration: InlinePtr #cards 5 size 8 Array Of Cards #cards 12 size 40 Howl #buckets 4 coarsen threshold 1843 Howl Bitmap #cards 512 size 80 coarsen threshold 460 Card regions per heap region 1 cards per card region 2048
 CPUs: 4 total, 4 available
 Memory: 4013M
 Large Page Support: Disabled
 NUMA Support: Disabled
 Compressed Oops: Enabled (32-bit)
 Heap Region Size: 1M
 Heap Min Capacity: 8M
 Heap Initial Capacity: 64M
 Heap Max Capacity: 1004M
 Pre-touch: Disabled
 Parallel Workers: 4
 Concurrent Workers: 1
 Concurrent Refinement Workers: 4
 Periodic GC: Disabled
Heap:
 garbage-first heap   total 276480K, used 172855K [0x00000000c1400000, 0x0000000100000000)
  region size 1024K, 18 young (18432K), 5 survivors (5120K)
 Metaspace       used 110433K, committed 112576K, reserved 1179648K
  class space    used 15245K, committed 16320K, reserved 1048576K
GC Heap History (20 events):
Event: 32.698 GC heap before
{Heap before GC invocations=37 (full 0):
 garbage-first heap   total 173056K, used 156228K [0x00000000c1400000, 0x0000000100000000)
  region size 1024K, 54 young (55296K), 8 survivors (8192K)
 Metaspace       used 82284K, committed 84288K, reserved 1179648K
  class space    used 11177K, committed 12224K, reserved 1048576K
}
Event: 32.714 GC heap after
{Heap after GC invocations=38 (full 0):
 garbage-first heap   total 173056K, used 112449K [0x00000000c1400000, 0x0000000100000000)
  region size 1024K, 4 young (4096K), 4 survivors (4096K)
 Metaspace       used 82284K, committed 84288K, reserved 1179648K
  class space    used 11177K, committed 12224K, reserved 1048576K
}
Event: 32.729 GC heap before
{Heap before GC invocations=38 (full 0):
 garbage-first heap   total 173056K, used 113473K [0x00000000c1400000, 0x0000000100000000)
  region size 1024K, 6 young (6144K), 4 survivors (4096K)
 Metaspace       used 82284K, committed 84288K, reserved 1179648K
  class space    used 11177K, committed 12224K, reserved 1048576K
}
Event: 32.737 GC heap after
{Heap after GC invocations=39 (full 0):
 garbage-first heap   total 173056K, used 113768K [0x00000000c1400000, 0x0000000100000000)
  region size 1024K, 5 young (5120K), 5 survivors (5120K)
 Metaspace       used 82284K, committed 84288K, reserved 1179648K
  class space    used 11177K, committed 12224K, reserved 1048576K
}
Event: 33.707 GC heap before
{Heap before GC invocations=40 (full 0):
 garbage-first heap   total 215040K, used 149608K [0x00000000c1400000, 0x0000000100000000)
  region size 1024K, 36 young (36864K), 5 survivors (5120K)
 Metaspace       used 84068K, committed 86016K, reserved 1179648K
  class space    used 11434K, committed 12416K, reserved 1048576K
}
Event: 33.720 GC heap after
{Heap after GC invocations=41 (full 0):
 garbage-first heap   total 215040K, used 115835K [0x00000000c1400000, 0x0000000100000000)
  region size 1024K, 4 young (4096K), 4 survivors (4096K)
 Metaspace       used 84068K, committed 86016K, reserved 1179648K
  class space    used 11434K, committed 12416K, reserved 1048576K
}
Event: 35.897 GC heap before
{Heap before GC invocations=41 (full 0):
 garbage-first heap   total 215040K, used 174203K [0x00000000c1400000, 0x0000000100000000)
  region size 1024K, 61 young (62464K), 4 survivors (4096K)
 Metaspace       used 89737K, committed 91776K, reserved 1179648K
  class space    used 12172K, committed 13184K, reserved 1048576K
}
Event: 35.914 GC heap after
{Heap after GC invocations=42 (full 0):
 garbage-first heap   total 215040K, used 117012K [0x00000000c1400000, 0x0000000100000000)
  region size 1024K, 6 young (6144K), 6 survivors (6144K)
 Metaspace       used 89737K, committed 91776K, reserved 1179648K
  class space    used 12172K, committed 13184K, reserved 1048576K
}
Event: 37.202 GC heap before
{Heap before GC invocations=42 (full 0):
 garbage-first heap   total 215040K, used 181524K [0x00000000c1400000, 0x0000000100000000)
  region size 1024K, 66 young (67584K), 6 survivors (6144K)
 Metaspace       used 93686K, committed 95744K, reserved 1179648K
  class space    used 12711K, committed 13760K, reserved 1048576K
}
Event: 37.223 GC heap after
{Heap after GC invocations=43 (full 0):
 garbage-first heap   total 215040K, used 124806K [0x00000000c1400000, 0x0000000100000000)
  region size 1024K, 9 young (9216K), 9 survivors (9216K)
 Metaspace       used 93686K, committed 95744K, reserved 1179648K
  class space    used 12711K, committed 13760K, reserved 1048576K
}
Event: 38.184 GC heap before
{Heap before GC invocations=43 (full 0):
 garbage-first heap   total 215040K, used 186246K [0x00000000c1400000, 0x0000000100000000)
  region size 1024K, 69 young (70656K), 9 survivors (9216K)
 Metaspace       used 96948K, committed 99008K, reserved 1179648K
  class space    used 13146K, committed 14208K, reserved 1048576K
}
Event: 38.217 GC heap after
{Heap after GC invocations=44 (full 0):
 garbage-first heap   total 215040K, used 129137K [0x00000000c1400000, 0x0000000100000000)
  region size 1024K, 6 young (6144K), 6 survivors (6144K)
 Metaspace       used 96948K, committed 99008K, reserved 1179648K
  class space    used 13146K, committed 14208K, reserved 1048576K
}
Event: 39.612 GC heap before
{Heap before GC invocations=44 (full 0):
 garbage-first heap   total 215040K, used 188529K [0x00000000c1400000, 0x0000000100000000)
  region size 1024K, 64 young (65536K), 6 survivors (6144K)
 Metaspace       used 101596K, committed 103744K, reserved 1179648K
  class space    used 13955K, committed 15040K, reserved 1048576K
}
Event: 39.628 GC heap after
{Heap after GC invocations=45 (full 0):
 garbage-first heap   total 215040K, used 131158K [0x00000000c1400000, 0x0000000100000000)
  region size 1024K, 3 young (3072K), 3 survivors (3072K)
 Metaspace       used 101596K, committed 103744K, reserved 1179648K
  class space    used 13955K, committed 15040K, reserved 1048576K
}
Event: 41.160 GC heap before
{Heap before GC invocations=46 (full 0):
 garbage-first heap   total 242688K, used 206934K [0x00000000c1400000, 0x0000000100000000)
  region size 1024K, 63 young (64512K), 3 survivors (3072K)
 Metaspace       used 106435K, committed 108608K, reserved 1179648K
  class space    used 14724K, committed 15808K, reserved 1048576K
}
Event: 41.177 GC heap after
{Heap after GC invocations=47 (full 0):
 garbage-first heap   total 242688K, used 153246K [0x00000000c1400000, 0x0000000100000000)
  region size 1024K, 8 young (8192K), 8 survivors (8192K)
 Metaspace       used 106435K, committed 108608K, reserved 1179648K
  class space    used 14724K, committed 15808K, reserved 1048576K
}
Event: 42.373 GC heap before
{Heap before GC invocations=47 (full 0):
 garbage-first heap   total 242688K, used 218782K [0x00000000c1400000, 0x0000000100000000)
  region size 1024K, 73 young (74752K), 8 survivors (8192K)
 Metaspace       used 110433K, committed 112576K, reserved 1179648K
  class space    used 15245K, committed 16320K, reserved 1048576K
}
Event: 42.404 GC heap after
{Heap after GC invocations=48 (full 0):
 garbage-first heap   total 242688K, used 158117K [0x00000000c1400000, 0x0000000100000000)
  region size 1024K, 7 young (7168K), 7 survivors (7168K)
 Metaspace       used 110433K, committed 112576K, reserved 1179648K
  class space    used 15245K, committed 16320K, reserved 1048576K
}
Event: 45.554 GC heap before
{Heap before GC invocations=48 (full 0):
 garbage-first heap   total 242688K, used 220581K [0x00000000c1400000, 0x0000000100000000)
  region size 1024K, 68 young (69632K), 7 survivors (7168K)
 Metaspace       used 110433K, committed 112576K, reserved 1179648K
  class space    used 15245K, committed 16320K, reserved 1048576K
}
Event: 45.576 GC heap after
{Heap after GC invocations=49 (full 0):
 garbage-first heap   total 242688K, used 160567K [0x00000000c1400000, 0x0000000100000000)
  region size 1024K, 5 young (5120K), 5 survivors (5120K)
 Metaspace       used 110433K, committed 112576K, reserved 1179648K
  class space    used 15245K, committed 16320K, reserved 1048576K
}

