# JRE version: OpenJDK Runtime Environment (21.0.3) (build 21.0.3+-12282718-b509.11)
# Java VM: OpenJDK 64-Bit Server VM (21.0.3+-12282718-b509.11, mixed mode, tiered, compressed oops, compressed class ptrs, g1 gc, windows-amd64)
GC Precious Log:
 CardTable entry size: 512
 Card Set container configuration: InlinePtr #cards 5 size 8 Array Of Cards #cards 12 size 40 Howl #buckets 4 coarsen threshold 1843 Howl Bitmap #cards 512 size 80 coarsen threshold 460 Card regions per heap region 1 cards per card region 2048
 CPUs: 4 total, 4 available
 Memory: 4013M
 Large Page Support: Disabled
 NUMA Support: Disabled
 Compressed Oops: Enabled (32-bit)
 Heap Region Size: 1M
 Heap Min Capacity: 8M
 Heap Initial Capacity: 64M
 Heap Max Capacity: 2G
 Pre-touch: Disabled
 Parallel Workers: 4
 Concurrent Workers: 1
 Concurrent Refinement Workers: 4
 Periodic GC: Disabled
Heap:
 garbage-first heap   total 244736K, used 209550K [0x0000000080000000, 0x0000000100000000)
  region size 1024K, 56 young (57344K), 6 survivors (6144K)
 Metaspace       used 110628K, committed 112768K, reserved 1179648K
  class space    used 15232K, committed 16320K, reserved 1048576K
GC Heap History (20 events):
Event: 21.483 GC heap before
{Heap before GC invocations=33 (full 0):
 garbage-first heap   total 181248K, used 160683K [0x0000000080000000, 0x0000000100000000)
  region size 1024K, 61 young (62464K), 9 survivors (9216K)
 Metaspace       used 80737K, committed 82688K, reserved 1179648K
  class space    used 10992K, committed 11968K, reserved 1048576K
}
Event: 21.498 GC heap after
{Heap after GC invocations=34 (full 0):
 garbage-first heap   total 181248K, used 109911K [0x0000000080000000, 0x0000000100000000)
  region size 1024K, 2 young (2048K), 2 survivors (2048K)
 Metaspace       used 80737K, committed 82688K, reserved 1179648K
  class space    used 10992K, committed 11968K, reserved 1048576K
}
Event: 21.761 GC heap before
{Heap before GC invocations=34 (full 0):
 garbage-first heap   total 181248K, used 118103K [0x0000000080000000, 0x0000000100000000)
  region size 1024K, 11 young (11264K), 2 survivors (2048K)
 Metaspace       used 82269K, committed 84160K, reserved 1179648K
  class space    used 11173K, committed 12160K, reserved 1048576K
}
Event: 21.768 GC heap after
{Heap after GC invocations=35 (full 0):
 garbage-first heap   total 181248K, used 111415K [0x0000000080000000, 0x0000000100000000)
  region size 1024K, 4 young (4096K), 4 survivors (4096K)
 Metaspace       used 82269K, committed 84160K, reserved 1179648K
  class space    used 11173K, committed 12160K, reserved 1048576K
}
Event: 23.085 GC heap before
{Heap before GC invocations=36 (full 0):
 garbage-first heap   total 217088K, used 167735K [0x0000000080000000, 0x0000000100000000)
  region size 1024K, 55 young (56320K), 4 survivors (4096K)
 Metaspace       used 85261K, committed 87168K, reserved 1179648K
  class space    used 11581K, committed 12544K, reserved 1048576K
}
Event: 23.099 GC heap after
{Heap after GC invocations=37 (full 0):
 garbage-first heap   total 217088K, used 116672K [0x0000000080000000, 0x0000000100000000)
  region size 1024K, 7 young (7168K), 7 survivors (7168K)
 Metaspace       used 85261K, committed 87168K, reserved 1179648K
  class space    used 11581K, committed 12544K, reserved 1048576K
}
Event: 35.151 GC heap before
{Heap before GC invocations=37 (full 0):
 garbage-first heap   total 217088K, used 187328K [0x0000000080000000, 0x0000000100000000)
  region size 1024K, 76 young (77824K), 7 survivors (7168K)
 Metaspace       used 91918K, committed 93888K, reserved 1179648K
  class space    used 12434K, committed 13440K, reserved 1048576K
}
Event: 35.186 GC heap after
{Heap after GC invocations=38 (full 0):
 garbage-first heap   total 217088K, used 119452K [0x0000000080000000, 0x0000000100000000)
  region size 1024K, 9 young (9216K), 9 survivors (9216K)
 Metaspace       used 91918K, committed 93888K, reserved 1179648K
  class space    used 12434K, committed 13440K, reserved 1048576K
}
Event: 36.753 GC heap before
{Heap before GC invocations=38 (full 0):
 garbage-first heap   total 217088K, used 128668K [0x0000000080000000, 0x0000000100000000)
  region size 1024K, 19 young (19456K), 9 survivors (9216K)
 Metaspace       used 92593K, committed 94592K, reserved 1179648K
  class space    used 12534K, committed 13568K, reserved 1048576K
}
Event: 36.768 GC heap after
{Heap after GC invocations=39 (full 0):
 garbage-first heap   total 217088K, used 119914K [0x0000000080000000, 0x0000000100000000)
  region size 1024K, 5 young (5120K), 5 survivors (5120K)
 Metaspace       used 92593K, committed 94592K, reserved 1179648K
  class space    used 12534K, committed 13568K, reserved 1048576K
}
Event: 98.820 GC heap before
{Heap before GC invocations=40 (full 0):
 garbage-first heap   total 217088K, used 200810K [0x0000000080000000, 0x0000000100000000)
  region size 1024K, 81 young (82944K), 5 survivors (5120K)
 Metaspace       used 96369K, committed 98432K, reserved 1179648K
  class space    used 13076K, committed 14144K, reserved 1048576K
}
Event: 98.856 GC heap after
{Heap after GC invocations=41 (full 0):
 garbage-first heap   total 217088K, used 128586K [0x0000000080000000, 0x0000000100000000)
  region size 1024K, 10 young (10240K), 10 survivors (10240K)
 Metaspace       used 96369K, committed 98432K, reserved 1179648K
  class space    used 13076K, committed 14144K, reserved 1048576K
}
Event: 124.604 GC heap before
{Heap before GC invocations=41 (full 0):
 garbage-first heap   total 217088K, used 195146K [0x0000000080000000, 0x0000000100000000)
  region size 1024K, 74 young (75776K), 10 survivors (10240K)
 Metaspace       used 101371K, committed 103488K, reserved 1179648K
  class space    used 13905K, committed 14976K, reserved 1048576K
}
Event: 124.633 GC heap after
{Heap after GC invocations=42 (full 0):
 garbage-first heap   total 217088K, used 129208K [0x0000000080000000, 0x0000000100000000)
  region size 1024K, 3 young (3072K), 3 survivors (3072K)
 Metaspace       used 101371K, committed 103488K, reserved 1179648K
  class space    used 13905K, committed 14976K, reserved 1048576K
}
Event: 130.001 GC heap before
{Heap before GC invocations=42 (full 0):
 garbage-first heap   total 217088K, used 173240K [0x0000000080000000, 0x0000000100000000)
  region size 1024K, 47 young (48128K), 3 survivors (3072K)
 Metaspace       used 104499K, committed 106688K, reserved 1179648K
  class space    used 14365K, committed 15488K, reserved 1048576K
}
Event: 130.016 GC heap after
{Heap after GC invocations=43 (full 0):
 garbage-first heap   total 217088K, used 131720K [0x0000000080000000, 0x0000000100000000)
  region size 1024K, 5 young (5120K), 5 survivors (5120K)
 Metaspace       used 104499K, committed 106688K, reserved 1179648K
  class space    used 14365K, committed 15488K, reserved 1048576K
}
Event: 139.070 GC heap before
{Heap before GC invocations=44 (full 0):
 garbage-first heap   total 244736K, used 212616K [0x0000000080000000, 0x0000000100000000)
  region size 1024K, 70 young (71680K), 5 survivors (5120K)
 Metaspace       used 110620K, committed 112768K, reserved 1179648K
  class space    used 15232K, committed 16320K, reserved 1048576K
}
Event: 139.121 GC heap after
{Heap after GC invocations=45 (full 0):
 garbage-first heap   total 244736K, used 156048K [0x0000000080000000, 0x0000000100000000)
  region size 1024K, 9 young (9216K), 9 survivors (9216K)
 Metaspace       used 110620K, committed 112768K, reserved 1179648K
  class space    used 15232K, committed 16320K, reserved 1048576K
}
Event: 151.243 GC heap before
{Heap before GC invocations=45 (full 0):
 garbage-first heap   total 244736K, used 221584K [0x0000000080000000, 0x0000000100000000)
  region size 1024K, 73 young (74752K), 9 survivors (9216K)
 Metaspace       used 110626K, committed 112768K, reserved 1179648K
  class space    used 15232K, committed 16320K, reserved 1048576K
}
Event: 151.275 GC heap after
{Heap after GC invocations=46 (full 0):
 garbage-first heap   total 244736K, used 159374K [0x0000000080000000, 0x0000000100000000)
  region size 1024K, 6 young (6144K), 6 survivors (6144K)
 Metaspace       used 110626K, committed 112768K, reserved 1179648K
  class space    used 15232K, committed 16320K, reserved 1048576K
}

