# JRE version: OpenJDK Runtime Environment (21.0.3) (build 21.0.3+-12282718-b509.11)
# Java VM: OpenJDK 64-Bit Server VM (21.0.3+-12282718-b509.11, mixed mode, tiered, compressed oops, compressed class ptrs, g1 gc, windows-amd64)
GC Precious Log:
 CardTable entry size: 512
 Card Set container configuration: InlinePtr #cards 5 size 8 Array Of Cards #cards 12 size 40 Howl #buckets 4 coarsen threshold 1843 Howl Bitmap #cards 512 size 80 coarsen threshold 460 Card regions per heap region 1 cards per card region 2048
 CPUs: 4 total, 4 available
 Memory: 4013M
 Large Page Support: Disabled
 NUMA Support: Disabled
 Compressed Oops: Enabled (32-bit)
 Heap Region Size: 1M
 Heap Min Capacity: 8M
 Heap Initial Capacity: 64M
 Heap Max Capacity: 2G
 Pre-touch: Disabled
 Parallel Workers: 4
 Concurrent Workers: 1
 Concurrent Refinement Workers: 4
 Periodic GC: Disabled
Heap:
 garbage-first heap   total 281600K, used 176857K [0x0000000080000000, 0x0000000100000000)
  region size 1024K, 12 young (12288K), 10 survivors (10240K)
 Metaspace       used 110511K, committed 112768K, reserved 1179648K
  class space    used 15239K, committed 16384K, reserved 1048576K
GC Heap History (20 events):
Event: 170.123 GC heap before
{Heap before GC invocations=45 (full 0):
 garbage-first heap   total 204800K, used 184979K [0x0000000080000000, 0x0000000100000000)
  region size 1024K, 59 young (60416K), 4 survivors (4096K)
 Metaspace       used 101780K, committed 103936K, reserved 1179648K
  class space    used 13987K, committed 15104K, reserved 1048576K
}
Event: 170.153 GC heap after
{Heap after GC invocations=46 (full 0):
 garbage-first heap   total 204800K, used 130661K [0x0000000080000000, 0x0000000100000000)
  region size 1024K, 6 young (6144K), 6 survivors (6144K)
 Metaspace       used 101780K, committed 103936K, reserved 1179648K
  class space    used 13987K, committed 15104K, reserved 1048576K
}
Event: 183.029 GC heap before
{Heap before GC invocations=47 (full 0):
 garbage-first heap   total 225280K, used 201317K [0x0000000080000000, 0x0000000100000000)
  region size 1024K, 61 young (62464K), 6 survivors (6144K)
 Metaspace       used 106209K, committed 108416K, reserved 1179648K
  class space    used 14682K, committed 15808K, reserved 1048576K
}
Event: 183.059 GC heap after
{Heap after GC invocations=48 (full 0):
 garbage-first heap   total 225280K, used 152167K [0x0000000080000000, 0x0000000100000000)
  region size 1024K, 8 young (8192K), 8 survivors (8192K)
 Metaspace       used 106209K, committed 108416K, reserved 1179648K
  class space    used 14682K, committed 15808K, reserved 1048576K
}
Event: 190.083 GC heap before
{Heap before GC invocations=48 (full 0):
 garbage-first heap   total 225280K, used 205415K [0x0000000080000000, 0x0000000100000000)
  region size 1024K, 60 young (61440K), 8 survivors (8192K)
 Metaspace       used 110448K, committed 112640K, reserved 1179648K
  class space    used 15239K, committed 16384K, reserved 1048576K
}
Event: 190.125 GC heap after
{Heap after GC invocations=49 (full 0):
 garbage-first heap   total 225280K, used 156672K [0x0000000080000000, 0x0000000100000000)
  region size 1024K, 6 young (6144K), 6 survivors (6144K)
 Metaspace       used 110448K, committed 112640K, reserved 1179648K
  class space    used 15239K, committed 16384K, reserved 1048576K
}
Event: 201.081 GC heap before
{Heap before GC invocations=49 (full 0):
 garbage-first heap   total 225280K, used 207872K [0x0000000080000000, 0x0000000100000000)
  region size 1024K, 56 young (57344K), 6 survivors (6144K)
 Metaspace       used 110449K, committed 112640K, reserved 1179648K
  class space    used 15239K, committed 16384K, reserved 1048576K
}
Event: 201.111 GC heap after
{Heap after GC invocations=50 (full 0):
 garbage-first heap   total 225280K, used 159391K [0x0000000080000000, 0x0000000100000000)
  region size 1024K, 5 young (5120K), 5 survivors (5120K)
 Metaspace       used 110449K, committed 112640K, reserved 1179648K
  class space    used 15239K, committed 16384K, reserved 1048576K
}
Event: 213.071 GC heap before
{Heap before GC invocations=51 (full 0):
 garbage-first heap   total 268288K, used 205471K [0x0000000080000000, 0x0000000100000000)
  region size 1024K, 50 young (51200K), 5 survivors (5120K)
 Metaspace       used 110449K, committed 112640K, reserved 1179648K
  class space    used 15239K, committed 16384K, reserved 1048576K
}
Event: 213.095 GC heap after
{Heap after GC invocations=52 (full 0):
 garbage-first heap   total 268288K, used 161196K [0x0000000080000000, 0x0000000100000000)
  region size 1024K, 4 young (4096K), 4 survivors (4096K)
 Metaspace       used 110449K, committed 112640K, reserved 1179648K
  class space    used 15239K, committed 16384K, reserved 1048576K
}
Event: 232.062 GC heap before
{Heap before GC invocations=52 (full 0):
 garbage-first heap   total 268288K, used 241068K [0x0000000080000000, 0x0000000100000000)
  region size 1024K, 82 young (83968K), 4 survivors (4096K)
 Metaspace       used 110458K, committed 112704K, reserved 1179648K
  class space    used 15239K, committed 16384K, reserved 1048576K
}
Event: 232.101 GC heap after
{Heap after GC invocations=53 (full 0):
 garbage-first heap   total 268288K, used 162813K [0x0000000080000000, 0x0000000100000000)
  region size 1024K, 8 young (8192K), 8 survivors (8192K)
 Metaspace       used 110458K, committed 112704K, reserved 1179648K
  class space    used 15239K, committed 16384K, reserved 1048576K
}
Event: 286.381 GC heap before
{Heap before GC invocations=53 (full 0):
 garbage-first heap   total 268288K, used 243709K [0x0000000080000000, 0x0000000100000000)
  region size 1024K, 88 young (90112K), 8 survivors (8192K)
 Metaspace       used 110483K, committed 112768K, reserved 1179648K
  class space    used 15239K, committed 16384K, reserved 1048576K
}
Event: 286.409 GC heap after
{Heap after GC invocations=54 (full 0):
 garbage-first heap   total 268288K, used 166900K [0x0000000080000000, 0x0000000100000000)
  region size 1024K, 10 young (10240K), 10 survivors (10240K)
 Metaspace       used 110483K, committed 112768K, reserved 1179648K
  class space    used 15239K, committed 16384K, reserved 1048576K
}
Event: 332.929 GC heap before
{Heap before GC invocations=55 (full 0):
 garbage-first heap   total 281600K, used 242676K [0x0000000080000000, 0x0000000100000000)
  region size 1024K, 84 young (86016K), 10 survivors (10240K)
 Metaspace       used 110499K, committed 112768K, reserved 1179648K
  class space    used 15239K, committed 16384K, reserved 1048576K
}
Event: 332.968 GC heap after
{Heap after GC invocations=56 (full 0):
 garbage-first heap   total 281600K, used 169536K [0x0000000080000000, 0x0000000100000000)
  region size 1024K, 6 young (6144K), 6 survivors (6144K)
 Metaspace       used 110499K, committed 112768K, reserved 1179648K
  class space    used 15239K, committed 16384K, reserved 1048576K
}
Event: 382.632 GC heap before
{Heap before GC invocations=56 (full 0):
 garbage-first heap   total 281600K, used 256576K [0x0000000080000000, 0x0000000100000000)
  region size 1024K, 91 young (93184K), 6 survivors (6144K)
 Metaspace       used 110509K, committed 112768K, reserved 1179648K
  class space    used 15239K, committed 16384K, reserved 1048576K
}
Event: 382.669 GC heap after
{Heap after GC invocations=57 (full 0):
 garbage-first heap   total 281600K, used 172426K [0x0000000080000000, 0x0000000100000000)
  region size 1024K, 10 young (10240K), 10 survivors (10240K)
 Metaspace       used 110509K, committed 112768K, reserved 1179648K
  class space    used 15239K, committed 16384K, reserved 1048576K
}
Event: 409.905 GC heap before
{Heap before GC invocations=57 (full 0):
 garbage-first heap   total 281600K, used 254346K [0x0000000080000000, 0x0000000100000000)
  region size 1024K, 90 young (92160K), 10 survivors (10240K)
 Metaspace       used 110511K, committed 112768K, reserved 1179648K
  class space    used 15239K, committed 16384K, reserved 1048576K
}
Event: 409.940 GC heap after
{Heap after GC invocations=58 (full 0):
 garbage-first heap   total 281600K, used 175833K [0x0000000080000000, 0x0000000100000000)
  region size 1024K, 10 young (10240K), 10 survivors (10240K)
 Metaspace       used 110511K, committed 112768K, reserved 1179648K
  class space    used 15239K, committed 16384K, reserved 1048576K
}

