# JRE version: OpenJDK Runtime Environment (23.0.1+11) (build 23.0.1+11-39)
# Java VM: OpenJDK 64-Bit Server VM (23.0.1+11-39, mixed mode, sharing, tiered, compressed oops, compressed class ptrs, g1 gc, windows-amd64)
GC Precious Log:
 CardTable entry size: 512
 Card Set container configuration: InlinePtr #cards 5 size 8 Array Of Cards #cards 10 size 36 Howl #buckets 4 coarsen threshold 1843 Howl Bitmap #cards 512 size 80 coarsen threshold 460 Card regions per heap region 1 cards per card region 2048
 CPUs: 4 total, 4 available
 Memory: 4013M
 Large Page Support: Disabled
 NUMA Support: Disabled
 Compressed Oops: Enabled (32-bit)
 Heap Region Size: 1M
 Heap Min Capacity: 8M
 Heap Initial Capacity: 64M
 Heap Max Capacity: 2G
 Pre-touch: Disabled
 Parallel Workers: 4
 Concurrent Workers: 1
 Concurrent Refinement Workers: 4
 Periodic GC: Disabled
Heap:
 garbage-first heap   total reserved 2097152K, committed 314368K, used 227898K [0x0000000080000000, 0x0000000100000000)
  region size 1024K, 52 young (53248K), 12 survivors (12288K)
 Metaspace       used 137285K, committed 139840K, reserved 1179648K
  class space    used 18369K, committed 19584K, reserved 1048576K
GC Heap History (20 events):
Event: 133.654 GC heap before
{Heap before GC invocations=51 (full 0):
 garbage-first heap   total reserved 2097152K, committed 224256K, used 199135K [0x0000000080000000, 0x0000000100000000)
  region size 1024K, 67 young (68608K), 9 survivors (9216K)
 Metaspace       used 116766K, committed 119104K, reserved 1179648K
  class space    used 15717K, committed 16832K, reserved 1048576K
}
Event: 133.679 GC heap after
{Heap after GC invocations=52 (full 0):
 garbage-first heap   total reserved 2097152K, committed 224256K, used 143386K [0x0000000080000000, 0x0000000100000000)
  region size 1024K, 5 young (5120K), 5 survivors (5120K)
 Metaspace       used 116766K, committed 119104K, reserved 1179648K
  class space    used 15717K, committed 16832K, reserved 1048576K
}
Event: 136.491 GC heap before
{Heap before GC invocations=53 (full 0):
 garbage-first heap   total reserved 2097152K, committed 240640K, used 202778K [0x0000000080000000, 0x0000000100000000)
  region size 1024K, 63 young (64512K), 5 survivors (5120K)
 Metaspace       used 116883K, committed 119232K, reserved 1179648K
  class space    used 15736K, committed 16832K, reserved 1048576K
}
Event: 136.514 GC heap after
{Heap after GC invocations=54 (full 0):
 garbage-first heap   total reserved 2097152K, committed 240640K, used 146010K [0x0000000080000000, 0x0000000100000000)
  region size 1024K, 6 young (6144K), 6 survivors (6144K)
 Metaspace       used 116883K, committed 119232K, reserved 1179648K
  class space    used 15736K, committed 16832K, reserved 1048576K
}
Event: 142.788 GC heap before
{Heap before GC invocations=54 (full 0):
 garbage-first heap   total reserved 2097152K, committed 240640K, used 226906K [0x0000000080000000, 0x0000000100000000)
  region size 1024K, 74 young (75776K), 6 survivors (6144K)
 Metaspace       used 116910K, committed 119232K, reserved 1179648K
  class space    used 15736K, committed 16832K, reserved 1048576K
}
Event: 142.851 GC heap after
{Heap after GC invocations=55 (full 0):
 garbage-first heap   total reserved 2097152K, committed 254976K, used 155648K [0x0000000080000000, 0x0000000100000000)
  region size 1024K, 10 young (10240K), 10 survivors (10240K)
 Metaspace       used 116910K, committed 119232K, reserved 1179648K
  class space    used 15736K, committed 16832K, reserved 1048576K
}
Event: 143.180 GC heap before
{Heap before GC invocations=55 (full 0):
 garbage-first heap   total reserved 2097152K, committed 254976K, used 183296K [0x0000000080000000, 0x0000000100000000)
  region size 1024K, 33 young (33792K), 10 survivors (10240K)
 Metaspace       used 116957K, committed 119296K, reserved 1179648K
  class space    used 15736K, committed 16832K, reserved 1048576K
}
Event: 143.210 GC heap after
{Heap after GC invocations=56 (full 0):
 garbage-first heap   total reserved 2097152K, committed 254976K, used 165219K [0x0000000080000000, 0x0000000100000000)
  region size 1024K, 6 young (6144K), 6 survivors (6144K)
 Metaspace       used 116957K, committed 119296K, reserved 1179648K
  class space    used 15736K, committed 16832K, reserved 1048576K
}
Event: 146.118 GC heap before
{Heap before GC invocations=57 (full 0):
 garbage-first heap   total reserved 2097152K, committed 278528K, used 226659K [0x0000000080000000, 0x0000000100000000)
  region size 1024K, 62 young (63488K), 6 survivors (6144K)
 Metaspace       used 117565K, committed 119936K, reserved 1179648K
  class space    used 15756K, committed 16896K, reserved 1048576K
}
Event: 146.154 GC heap after
{Heap after GC invocations=58 (full 0):
 garbage-first heap   total reserved 2097152K, committed 278528K, used 177664K [0x0000000080000000, 0x0000000100000000)
  region size 1024K, 8 young (8192K), 8 survivors (8192K)
 Metaspace       used 117565K, committed 119936K, reserved 1179648K
  class space    used 15756K, committed 16896K, reserved 1048576K
}
Event: 157.931 GC heap before
{Heap before GC invocations=58 (full 0):
 garbage-first heap   total reserved 2097152K, committed 278528K, used 244224K [0x0000000080000000, 0x0000000100000000)
  region size 1024K, 71 young (72704K), 8 survivors (8192K)
 Metaspace       used 122615K, committed 124928K, reserved 1179648K
  class space    used 16355K, committed 17472K, reserved 1048576K
}
Event: 157.964 GC heap after
{Heap after GC invocations=59 (full 0):
 garbage-first heap   total reserved 2097152K, committed 278528K, used 176054K [0x0000000080000000, 0x0000000100000000)
  region size 1024K, 4 young (4096K), 4 survivors (4096K)
 Metaspace       used 122615K, committed 124928K, reserved 1179648K
  class space    used 16355K, committed 17472K, reserved 1048576K
}
Event: 161.848 GC heap before
{Heap before GC invocations=59 (full 0):
 garbage-first heap   total reserved 2097152K, committed 278528K, used 206774K [0x0000000080000000, 0x0000000100000000)
  region size 1024K, 35 young (35840K), 4 survivors (4096K)
 Metaspace       used 127236K, committed 129664K, reserved 1179648K
  class space    used 17001K, committed 18176K, reserved 1048576K
}
Event: 161.863 GC heap after
{Heap after GC invocations=60 (full 0):
 garbage-first heap   total reserved 2097152K, committed 278528K, used 178846K [0x0000000080000000, 0x0000000100000000)
  region size 1024K, 7 young (7168K), 7 survivors (7168K)
 Metaspace       used 127236K, committed 129664K, reserved 1179648K
  class space    used 17001K, committed 18176K, reserved 1048576K
}
Event: 168.240 GC heap before
{Heap before GC invocations=61 (full 0):
 garbage-first heap   total reserved 2097152K, committed 304128K, used 251248K [0x0000000080000000, 0x0000000100000000)
  region size 1024K, 75 young (76800K), 7 survivors (7168K)
 Metaspace       used 131199K, committed 133696K, reserved 1179648K
  class space    used 17563K, committed 18752K, reserved 1048576K
}
Event: 168.259 GC heap after
{Heap after GC invocations=62 (full 0):
 garbage-first heap   total reserved 2097152K, committed 304128K, used 181928K [0x0000000080000000, 0x0000000100000000)
  region size 1024K, 8 young (8192K), 8 survivors (8192K)
 Metaspace       used 131199K, committed 133696K, reserved 1179648K
  class space    used 17563K, committed 18752K, reserved 1048576K
}
Event: 179.671 GC heap before
{Heap before GC invocations=62 (full 0):
 garbage-first heap   total reserved 2097152K, committed 304128K, used 267944K [0x0000000080000000, 0x0000000100000000)
  region size 1024K, 89 young (91136K), 8 survivors (8192K)
 Metaspace       used 137120K, committed 139648K, reserved 1179648K
  class space    used 18368K, committed 19584K, reserved 1048576K
}
Event: 179.703 GC heap after
{Heap after GC invocations=63 (full 0):
 garbage-first heap   total reserved 2097152K, committed 304128K, used 181242K [0x0000000080000000, 0x0000000100000000)
  region size 1024K, 12 young (12288K), 12 survivors (12288K)
 Metaspace       used 137120K, committed 139648K, reserved 1179648K
  class space    used 18368K, committed 19584K, reserved 1048576K
}
Event: 181.837 GC heap before
{Heap before GC invocations=63 (full 0):
 garbage-first heap   total reserved 2097152K, committed 304128K, used 225274K [0x0000000080000000, 0x0000000100000000)
  region size 1024K, 56 young (57344K), 12 survivors (12288K)
 Metaspace       used 137198K, committed 139712K, reserved 1179648K
  class space    used 18369K, committed 19584K, reserved 1048576K
}
Event: 181.870 GC heap after
{Heap after GC invocations=64 (full 0):
 garbage-first heap   total reserved 2097152K, committed 304128K, used 187962K [0x0000000080000000, 0x0000000100000000)
  region size 1024K, 12 young (12288K), 12 survivors (12288K)
 Metaspace       used 137198K, committed 139712K, reserved 1179648K
  class space    used 18369K, committed 19584K, reserved 1048576K
}

