# JRE version: OpenJDK Runtime Environment (21.0.3) (build 21.0.3+-12282718-b509.11)
# Java VM: OpenJDK 64-Bit Server VM (21.0.3+-12282718-b509.11, mixed mode, tiered, compressed oops, compressed class ptrs, g1 gc, windows-amd64)
GC Precious Log:
 CardTable entry size: 512
 Card Set container configuration: InlinePtr #cards 5 size 8 Array Of Cards #cards 12 size 40 Howl #buckets 4 coarsen threshold 1843 Howl Bitmap #cards 512 size 80 coarsen threshold 460 Card regions per heap region 1 cards per card region 2048
 CPUs: 4 total, 4 available
 Memory: 4013M
 Large Page Support: Disabled
 NUMA Support: Disabled
 Compressed Oops: Enabled (32-bit)
 Heap Region Size: 1M
 Heap Min Capacity: 8M
 Heap Initial Capacity: 64M
 Heap Max Capacity: 2G
 Pre-touch: Disabled
 Parallel Workers: 4
 Concurrent Workers: 1
 Concurrent Refinement Workers: 4
 Periodic GC: Disabled
Heap:
 garbage-first heap   total 224256K, used 161784K [0x0000000080000000, 0x0000000100000000)
  region size 1024K, 8 young (8192K), 5 survivors (5120K)
 Metaspace       used 110234K, committed 112512K, reserved 1179648K
  class space    used 15212K, committed 16320K, reserved 1048576K
GC Heap History (20 events):
Event: 30.195 GC heap before
{Heap before GC invocations=33 (full 0):
 garbage-first heap   total 184320K, used 133247K [0x0000000080000000, 0x0000000100000000)
  region size 1024K, 53 young (54272K), 5 survivors (5120K)
 Metaspace       used 72542K, committed 74432K, reserved 1114112K
  class space    used 9929K, committed 10880K, reserved 1048576K
}
Event: 30.207 GC heap after
{Heap after GC invocations=34 (full 0):
 garbage-first heap   total 184320K, used 88008K [0x0000000080000000, 0x0000000100000000)
  region size 1024K, 6 young (6144K), 6 survivors (6144K)
 Metaspace       used 72542K, committed 74432K, reserved 1114112K
  class space    used 9929K, committed 10880K, reserved 1048576K
}
Event: 38.142 GC heap before
{Heap before GC invocations=35 (full 0):
 garbage-first heap   total 184320K, used 181192K [0x0000000080000000, 0x0000000100000000)
  region size 1024K, 84 young (86016K), 6 survivors (6144K)
 Metaspace       used 78957K, committed 80832K, reserved 1179648K
  class space    used 10673K, committed 11584K, reserved 1048576K
}
Event: 38.162 GC heap after
{Heap after GC invocations=36 (full 0):
 garbage-first heap   total 196608K, used 109399K [0x0000000080000000, 0x0000000100000000)
  region size 1024K, 11 young (11264K), 11 survivors (11264K)
 Metaspace       used 78957K, committed 80832K, reserved 1179648K
  class space    used 10673K, committed 11584K, reserved 1048576K
}
Event: 40.910 GC heap before
{Heap before GC invocations=36 (full 0):
 garbage-first heap   total 196608K, used 179031K [0x0000000080000000, 0x0000000100000000)
  region size 1024K, 74 young (75776K), 11 survivors (11264K)
 Metaspace       used 84372K, committed 86336K, reserved 1179648K
  class space    used 11454K, committed 12480K, reserved 1048576K
}
Event: 40.934 GC heap after
{Heap after GC invocations=37 (full 0):
 garbage-first heap   total 198656K, used 116096K [0x0000000080000000, 0x0000000100000000)
  region size 1024K, 7 young (7168K), 7 survivors (7168K)
 Metaspace       used 84372K, committed 86336K, reserved 1179648K
  class space    used 11454K, committed 12480K, reserved 1048576K
}
Event: 46.858 GC heap before
{Heap before GC invocations=37 (full 0):
 garbage-first heap   total 198656K, used 179584K [0x0000000080000000, 0x0000000100000000)
  region size 1024K, 69 young (70656K), 7 survivors (7168K)
 Metaspace       used 90447K, committed 92480K, reserved 1179648K
  class space    used 12242K, committed 13248K, reserved 1048576K
}
Event: 46.887 GC heap after
{Heap after GC invocations=38 (full 0):
 garbage-first heap   total 198656K, used 118784K [0x0000000080000000, 0x0000000100000000)
  region size 1024K, 3 young (3072K), 3 survivors (3072K)
 Metaspace       used 90447K, committed 92480K, reserved 1179648K
  class space    used 12242K, committed 13248K, reserved 1048576K
}
Event: 53.440 GC heap before
{Heap before GC invocations=39 (full 0):
 garbage-first heap   total 204800K, used 186368K [0x0000000080000000, 0x0000000100000000)
  region size 1024K, 66 young (67584K), 3 survivors (3072K)
 Metaspace       used 93440K, committed 95424K, reserved 1179648K
  class space    used 12673K, committed 13632K, reserved 1048576K
}
Event: 53.463 GC heap after
{Heap after GC invocations=40 (full 0):
 garbage-first heap   total 204800K, used 128000K [0x0000000080000000, 0x0000000100000000)
  region size 1024K, 9 young (9216K), 9 survivors (9216K)
 Metaspace       used 93440K, committed 95424K, reserved 1179648K
  class space    used 12673K, committed 13632K, reserved 1048576K
}
Event: 59.087 GC heap before
{Heap before GC invocations=40 (full 0):
 garbage-first heap   total 204800K, used 186368K [0x0000000080000000, 0x0000000100000000)
  region size 1024K, 65 young (66560K), 9 survivors (9216K)
 Metaspace       used 97363K, committed 99392K, reserved 1179648K
  class space    used 13223K, committed 14272K, reserved 1048576K
}
Event: 59.142 GC heap after
{Heap after GC invocations=41 (full 0):
 garbage-first heap   total 204800K, used 128914K [0x0000000080000000, 0x0000000100000000)
  region size 1024K, 3 young (3072K), 3 survivors (3072K)
 Metaspace       used 97363K, committed 99392K, reserved 1179648K
  class space    used 13223K, committed 14272K, reserved 1048576K
}
Event: 66.711 GC heap before
{Heap before GC invocations=41 (full 0):
 garbage-first heap   total 204800K, used 190354K [0x0000000080000000, 0x0000000100000000)
  region size 1024K, 63 young (64512K), 3 survivors (3072K)
 Metaspace       used 102033K, committed 104192K, reserved 1179648K
  class space    used 14027K, committed 15104K, reserved 1048576K
}
Event: 66.738 GC heap after
{Heap after GC invocations=42 (full 0):
 garbage-first heap   total 204800K, used 131170K [0x0000000080000000, 0x0000000100000000)
  region size 1024K, 5 young (5120K), 5 survivors (5120K)
 Metaspace       used 102033K, committed 104192K, reserved 1179648K
  class space    used 14027K, committed 15104K, reserved 1048576K
}
Event: 73.421 GC heap before
{Heap before GC invocations=43 (full 0):
 garbage-first heap   total 224256K, used 200802K [0x0000000080000000, 0x0000000100000000)
  region size 1024K, 59 young (60416K), 5 survivors (5120K)
 Metaspace       used 107128K, committed 109248K, reserved 1179648K
  class space    used 14819K, committed 15872K, reserved 1048576K
}
Event: 73.441 GC heap after
{Heap after GC invocations=44 (full 0):
 garbage-first heap   total 224256K, used 153216K [0x0000000080000000, 0x0000000100000000)
  region size 1024K, 8 young (8192K), 8 survivors (8192K)
 Metaspace       used 107128K, committed 109248K, reserved 1179648K
  class space    used 14819K, committed 15872K, reserved 1048576K
}
Event: 77.258 GC heap before
{Heap before GC invocations=44 (full 0):
 garbage-first heap   total 224256K, used 202368K [0x0000000080000000, 0x0000000100000000)
  region size 1024K, 57 young (58368K), 8 survivors (8192K)
 Metaspace       used 110232K, committed 112448K, reserved 1179648K
  class space    used 15212K, committed 16320K, reserved 1048576K
}
Event: 77.296 GC heap after
{Heap after GC invocations=45 (full 0):
 garbage-first heap   total 224256K, used 157643K [0x0000000080000000, 0x0000000100000000)
  region size 1024K, 6 young (6144K), 6 survivors (6144K)
 Metaspace       used 110232K, committed 112448K, reserved 1179648K
  class space    used 15212K, committed 16320K, reserved 1048576K
}
Event: 82.912 GC heap before
{Heap before GC invocations=45 (full 0):
 garbage-first heap   total 224256K, used 205771K [0x0000000080000000, 0x0000000100000000)
  region size 1024K, 53 young (54272K), 6 survivors (6144K)
 Metaspace       used 110234K, committed 112512K, reserved 1179648K
  class space    used 15212K, committed 16320K, reserved 1048576K
}
Event: 82.946 GC heap after
{Heap after GC invocations=46 (full 0):
 garbage-first heap   total 224256K, used 159736K [0x0000000080000000, 0x0000000100000000)
  region size 1024K, 5 young (5120K), 5 survivors (5120K)
 Metaspace       used 110234K, committed 112512K, reserved 1179648K
  class space    used 15212K, committed 16320K, reserved 1048576K
}

